Drill report for /Users/bert.nielson/Source/StatusLight/StatusLight-Matias.kicad_pcb
Created on Sunday, July 23, 2017 'AMt' 01:21:24 AM

Copper Layer Stackup:
    =============================================================
    L1 :  F.Cu                      front
    L2 :  B.Cu                      back


Drill file 'StatusLight-Matias.drl' contains
    plated through holes:
    =============================================================
    T1  0.40mm  0.016"  (3 holes)
    T2  0.50mm  0.020"  (2 holes)  (with 2 slots)
    T3  0.55mm  0.022"  (2 holes)  (with 2 slots)
    T4  0.76mm  0.030"  (5 holes)  (with 5 slots)
    T5  0.80mm  0.031"  (8 holes)
    T6  1.50mm  0.059"  (12 holes)

    Total plated holes count 32


Drill file 'StatusLight-Matias-NPTH.drl' contains
    unplated through holes:
    =============================================================

    Total unplated holes count 0
